<?xml version="1.0" encoding="UTF-8"?>
<!-- Generated by org.testng.reporters.JUnitReportReporter -->
<testsuite hostname="DESKTOP-DU605VG" failures="0" tests="1" name="module1_LoginTest.upstoxexapmle_POM_DDF_TestNg" time="8.511" errors="0" timestamp="2022-11-14T17:23:59 IST" skipped="0">
  <testcase classname="module1_LoginTest.upstoxexapmle_POM_DDF_TestNg" name="verifyUN" time="8.511"/>
  <system-out/>
</testsuite> <!-- module1_LoginTest.upstoxexapmle_POM_DDF_TestNg -->
